{
  "RSpec": {
    "coverage": {
      "/Users/student/Google Drive/Coding/Makers/Week10/GildedRose-Refactoring-in-Ruby/lib/aged_item.rb": [
        null,
        null,
        1,
        null,
        1,
        1,
        19,
        13,
        13,
        null,
        19,
        null,
        null,
        1,
        null,
        1,
        19,
        null,
        null
      ],
      "/Users/student/Google Drive/Coding/Makers/Week10/GildedRose-Refactoring-in-Ruby/lib/regular_item.rb": [
        null,
        null,
        1,
        null,
        1,
        1,
        31,
        31,
        31,
        null,
        null,
        1,
        15,
        null,
        null,
        1,
        32,
        null,
        null
      ],
      "/Users/student/Google Drive/Coding/Makers/Week10/GildedRose-Refactoring-in-Ruby/lib/item.rb": [
        null,
        null,
        1,
        1,
        null,
        1,
        92,
        92,
        92,
        null,
        null,
        1,
        18,
        null,
        null
      ],
      "/Users/student/Google Drive/Coding/Makers/Week10/GildedRose-Refactoring-in-Ruby/lib/backstage_item.rb": [
        null,
        null,
        1,
        null,
        1,
        1,
        7,
        7,
        null,
        null,
        1,
        12,
        12,
        null,
        null
      ],
      "/Users/student/Google Drive/Coding/Makers/Week10/GildedRose-Refactoring-in-Ruby/lib/conjured_item.rb": [
        null,
        null,
        1,
        null,
        1,
        1,
        5,
        null,
        null
      ],
      "/Users/student/Google Drive/Coding/Makers/Week10/GildedRose-Refactoring-in-Ruby/lib/gilded_rose.rb": [
        null,
        null,
        1,
        1,
        null,
        1,
        1,
        null,
        1,
        16,
        16,
        16,
        null,
        null,
        1,
        17,
        17,
        17,
        null,
        null,
        1,
        null,
        1,
        17,
        33,
        33,
        33,
        null,
        null,
        null
      ],
      "/Users/student/Google Drive/Coding/Makers/Week10/GildedRose-Refactoring-in-Ruby/lib/classifier.rb": [
        null,
        null,
        1,
        1,
        1,
        1,
        1,
        1,
        null,
        1,
        null,
        1,
        null,
        null,
        null,
        null,
        null,
        1,
        37,
        37,
        53,
        53,
        null,
        37,
        null,
        null,
        1,
        null,
        1,
        53,
        159,
        null,
        13,
        null,
        null
      ],
      "/Users/student/Google Drive/Coding/Makers/Week10/GildedRose-Refactoring-in-Ruby/lib/legendary_item.rb": [
        null,
        null,
        1,
        null,
        1,
        1,
        null
      ],
      "/Users/student/Google Drive/Coding/Makers/Week10/GildedRose-Refactoring-in-Ruby/lib/approval/texttest_fixture.rb": [
        null,
        null,
        1,
        null,
        null,
        1,
        null,
        null,
        null,
        null,
        null,
        null,
        null,
        null,
        null,
        1,
        1,
        1,
        2,
        2,
        2,
        18,
        null,
        2,
        2,
        null,
        1
      ],
      "/Users/student/Google Drive/Coding/Makers/Week10/GildedRose-Refactoring-in-Ruby/spec/aged_item_spec.rb": [
        null,
        null,
        1,
        null,
        1,
        1,
        1,
        1,
        1,
        1,
        null,
        null,
        null
      ],
      "/Users/student/Google Drive/Coding/Makers/Week10/GildedRose-Refactoring-in-Ruby/spec/approval_spec.rb": [
        null,
        null,
        1,
        1,
        1,
        null,
        1,
        null,
        1,
        null,
        null
      ],
      "/Users/student/Google Drive/Coding/Makers/Week10/GildedRose-Refactoring-in-Ruby/spec/classifier_spec.rb": [
        null,
        null,
        1,
        null,
        1,
        6,
        null,
        1,
        1,
        1,
        1,
        1,
        1,
        1,
        null,
        null,
        1,
        1,
        1,
        1,
        1,
        1,
        null,
        null,
        1,
        1,
        1,
        1,
        1,
        1,
        null,
        null,
        1,
        1,
        1,
        1,
        1,
        1,
        null,
        null,
        1,
        1,
        1,
        1,
        1,
        1,
        null,
        null,
        null
      ],
      "/Users/student/Google Drive/Coding/Makers/Week10/GildedRose-Refactoring-in-Ruby/spec/conjured_item_spec.rb": [
        null,
        null,
        1,
        null,
        1,
        1,
        1,
        1,
        1,
        1,
        null,
        1,
        1,
        1,
        1,
        null,
        null,
        null
      ],
      "/Users/student/Google Drive/Coding/Makers/Week10/GildedRose-Refactoring-in-Ruby/spec/gilded_rose_spec.rb": [
        null,
        null,
        1,
        null,
        1,
        1,
        1,
        1,
        1,
        1,
        1,
        1,
        null,
        1,
        1,
        1,
        1,
        1,
        null,
        null,
        1,
        1,
        1,
        1,
        1,
        null,
        null,
        1,
        1,
        1,
        1,
        1,
        null,
        null,
        1,
        1,
        1,
        1,
        1,
        null,
        null,
        null,
        1,
        1,
        1,
        1,
        1,
        1,
        null,
        null,
        1,
        1,
        1,
        1,
        1,
        null,
        null,
        null,
        1,
        1,
        1,
        1,
        1,
        1,
        1,
        null,
        null,
        1,
        1,
        1,
        1,
        1,
        1,
        null,
        null,
        1,
        1,
        1,
        1,
        1,
        null,
        null,
        null,
        1,
        1,
        1,
        1,
        1,
        1,
        1,
        null,
        null,
        1,
        1,
        1,
        1,
        1,
        1,
        null,
        null,
        1,
        1,
        1,
        1,
        1,
        1,
        null,
        null,
        1,
        1,
        1,
        1,
        1,
        null,
        null,
        1,
        1,
        1,
        1,
        1,
        1,
        null,
        null,
        null,
        null
      ],
      "/Users/student/Google Drive/Coding/Makers/Week10/GildedRose-Refactoring-in-Ruby/spec/item_spec.rb": [
        null,
        null,
        1,
        null,
        1,
        1,
        1,
        null,
        null,
        null,
        null,
        null,
        null
      ],
      "/Users/student/Google Drive/Coding/Makers/Week10/GildedRose-Refactoring-in-Ruby/spec/legendary_item_spec.rb": [
        null,
        null,
        1,
        1,
        null,
        1,
        1,
        1,
        1,
        1,
        1,
        null,
        1,
        1,
        1,
        1,
        null,
        null,
        null
      ],
      "/Users/student/Google Drive/Coding/Makers/Week10/GildedRose-Refactoring-in-Ruby/spec/regular_item_spec.rb": [
        null,
        null,
        1,
        null,
        1,
        1,
        1,
        1,
        1,
        1,
        1,
        null,
        null,
        1,
        1,
        1,
        1,
        null,
        null,
        1,
        1,
        1,
        1,
        null,
        null,
        null,
        1,
        1,
        1,
        1,
        1,
        null,
        null,
        null,
        1,
        1,
        1,
        1,
        1,
        null,
        null,
        null
      ]
    },
    "timestamp": 1574435274
  }
}
